<?xml version="1.0" encoding="UTF-8"?>
<!-- Generated by org.testng.reporters.JUnitXMLReporter -->
<testsuite ignored="0" hostname="CHPL124877" failures="0" tests="4" name="Default test" time="5.622" errors="0" timestamp="2022-07-04T12:55:09 IST">
  <testcase classname="test.SimpleTest" name="LogIn" time="0.287"/>
  <testcase classname="test.SimpleTest" name="selectProductToCart" time="0.171"/>
  <testcase classname="test.SimpleTest" name="checkoutAndFinsh" time="0.368"/>
  <testcase classname="test.SimpleTest" name="verifyElement" time="0.208"/>
</testsuite> <!-- Default test -->
