<?xml version="1.0" encoding="UTF-8"?>
<testng-results ignored="0" total="4" passed="4" failed="0" skipped="0">
  <reporter-output>
  </reporter-output>
  <suite started-at="2022-07-04T12:55:03 IST" name="Default suite" finished-at="2022-07-04T12:55:09 IST" duration-ms="5622">
    <groups>
    </groups>
    <test started-at="2022-07-04T12:55:03 IST" name="Default test" finished-at="2022-07-04T12:55:09 IST" duration-ms="5622">
      <class name="test.SimpleTest">
        <test-method is-config="true" signature="initiateSetup()[pri:0, instance:test.SimpleTest@50eac852]" started-at="2022-07-04T12:55:03 IST" name="initiateSetup" finished-at="2022-07-04T12:55:07 IST" duration-ms="3265" status="PASS">
          <reporter-output>
          </reporter-output>
        </test-method> <!-- initiateSetup -->
        <test-method is-config="true" signature="registerTestName(java.lang.reflect.Method)[pri:0, instance:test.SimpleTest@50eac852]" started-at="2022-07-04T12:55:07 IST" name="registerTestName" finished-at="2022-07-04T12:55:07 IST" duration-ms="5" status="PASS">
          <params>
            <param index="0">
              <value>
                <![CDATA[public void test.SimpleTest.LogIn()]]>
              </value>
            </param>
          </params>
          <reporter-output>
          </reporter-output>
        </test-method> <!-- registerTestName -->
        <test-method signature="LogIn()[pri:0, instance:test.SimpleTest@50eac852]" started-at="2022-07-04T12:55:07 IST" name="LogIn" finished-at="2022-07-04T12:55:07 IST" duration-ms="287" status="PASS">
          <reporter-output>
          </reporter-output>
        </test-method> <!-- LogIn -->
        <test-method is-config="true" signature="teadDownMethod(org.testng.ITestResult)[pri:0, instance:test.SimpleTest@50eac852]" started-at="2022-07-04T12:55:07 IST" name="teadDownMethod" finished-at="2022-07-04T12:55:07 IST" duration-ms="576" status="PASS">
          <params>
            <param index="0">
              <value>
                <![CDATA[[TestResult name=LogIn status=SUCCESS method=SimpleTest.LogIn()[pri:0, instance:test.SimpleTest@50eac852] output={null}]]]>
              </value>
            </param>
          </params>
          <reporter-output>
          </reporter-output>
        </test-method> <!-- teadDownMethod -->
        <test-method is-config="true" signature="registerTestName(java.lang.reflect.Method)[pri:0, instance:test.SimpleTest@50eac852]" started-at="2022-07-04T12:55:07 IST" name="registerTestName" finished-at="2022-07-04T12:55:07 IST" duration-ms="1" status="PASS">
          <params>
            <param index="0">
              <value>
                <![CDATA[public void test.SimpleTest.selectProductToCart()]]>
              </value>
            </param>
          </params>
          <reporter-output>
          </reporter-output>
        </test-method> <!-- registerTestName -->
        <test-method signature="selectProductToCart()[pri:1, instance:test.SimpleTest@50eac852]" started-at="2022-07-04T12:55:07 IST" name="selectProductToCart" finished-at="2022-07-04T12:55:08 IST" duration-ms="171" status="PASS">
          <reporter-output>
          </reporter-output>
        </test-method> <!-- selectProductToCart -->
        <test-method is-config="true" signature="teadDownMethod(org.testng.ITestResult)[pri:0, instance:test.SimpleTest@50eac852]" started-at="2022-07-04T12:55:08 IST" name="teadDownMethod" finished-at="2022-07-04T12:55:08 IST" duration-ms="16" status="PASS">
          <params>
            <param index="0">
              <value>
                <![CDATA[[TestResult name=selectProductToCart status=SUCCESS method=SimpleTest.selectProductToCart()[pri:1, instance:test.SimpleTest@50eac852] output={null}]]]>
              </value>
            </param>
          </params>
          <reporter-output>
          </reporter-output>
        </test-method> <!-- teadDownMethod -->
        <test-method signature="checkoutAndFinsh()[pri:2, instance:test.SimpleTest@50eac852]" started-at="2022-07-04T12:55:08 IST" name="checkoutAndFinsh" finished-at="2022-07-04T12:55:08 IST" duration-ms="368" status="PASS">
          <reporter-output>
          </reporter-output>
        </test-method> <!-- checkoutAndFinsh -->
        <test-method is-config="true" signature="registerTestName(java.lang.reflect.Method)[pri:0, instance:test.SimpleTest@50eac852]" started-at="2022-07-04T12:55:08 IST" name="registerTestName" finished-at="2022-07-04T12:55:08 IST" duration-ms="0" status="PASS">
          <params>
            <param index="0">
              <value>
                <![CDATA[public void test.SimpleTest.checkoutAndFinsh()]]>
              </value>
            </param>
          </params>
          <reporter-output>
          </reporter-output>
        </test-method> <!-- registerTestName -->
        <test-method is-config="true" signature="teadDownMethod(org.testng.ITestResult)[pri:0, instance:test.SimpleTest@50eac852]" started-at="2022-07-04T12:55:08 IST" name="teadDownMethod" finished-at="2022-07-04T12:55:08 IST" duration-ms="10" status="PASS">
          <params>
            <param index="0">
              <value>
                <![CDATA[[TestResult name=checkoutAndFinsh status=SUCCESS method=SimpleTest.checkoutAndFinsh()[pri:2, instance:test.SimpleTest@50eac852] output={null}]]]>
              </value>
            </param>
          </params>
          <reporter-output>
          </reporter-output>
        </test-method> <!-- teadDownMethod -->
        <test-method is-config="true" signature="registerTestName(java.lang.reflect.Method)[pri:0, instance:test.SimpleTest@50eac852]" started-at="2022-07-04T12:55:08 IST" name="registerTestName" finished-at="2022-07-04T12:55:08 IST" duration-ms="1" status="PASS">
          <params>
            <param index="0">
              <value>
                <![CDATA[public void test.SimpleTest.verifyElement()]]>
              </value>
            </param>
          </params>
          <reporter-output>
          </reporter-output>
        </test-method> <!-- registerTestName -->
        <test-method signature="verifyElement()[pri:3, instance:test.SimpleTest@50eac852]" started-at="2022-07-04T12:55:08 IST" name="verifyElement" finished-at="2022-07-04T12:55:08 IST" duration-ms="208" status="PASS">
          <reporter-output>
          </reporter-output>
        </test-method> <!-- verifyElement -->
        <test-method is-config="true" signature="teadDownMethod(org.testng.ITestResult)[pri:0, instance:test.SimpleTest@50eac852]" started-at="2022-07-04T12:55:08 IST" name="teadDownMethod" finished-at="2022-07-04T12:55:08 IST" duration-ms="14" status="PASS">
          <params>
            <param index="0">
              <value>
                <![CDATA[[TestResult name=verifyElement status=SUCCESS method=SimpleTest.verifyElement()[pri:3, instance:test.SimpleTest@50eac852] output={null}]]]>
              </value>
            </param>
          </params>
          <reporter-output>
          </reporter-output>
        </test-method> <!-- teadDownMethod -->
        <test-method is-config="true" signature="tearDownMethod()[pri:0, instance:test.SimpleTest@50eac852]" started-at="2022-07-04T12:55:08 IST" name="tearDownMethod" finished-at="2022-07-04T12:55:09 IST" duration-ms="662" status="PASS">
          <reporter-output>
          </reporter-output>
        </test-method> <!-- tearDownMethod -->
      </class> <!-- test.SimpleTest -->
    </test> <!-- Default test -->
  </suite> <!-- Default suite -->
</testng-results>
